Unloading profile/base
  ERROR: Module evaluation aborted
Loading gcc/11.3.0
  Loading requirement: gmp/6.2.1 mpfr/4.1.0 mpc/1.2.1
Loading openmpi/4.1.4--nvhpc--23.1-cuda-11.8
  Loading requirement: zlib/1.2.13--gcc--11.3.0
Train Epoch: 1 [0/60000 (0%)]	Loss: 2.299824
Train Epoch: 1 [640/60000 (1%)]	Loss: 1.733863
Train Epoch: 1 [1280/60000 (2%)]	Loss: 0.922588
Train Epoch: 1 [1920/60000 (3%)]	Loss: 0.644482
Train Epoch: 1 [2560/60000 (4%)]	Loss: 0.365354
Train Epoch: 1 [3200/60000 (5%)]	Loss: 0.324891
Train Epoch: 1 [3840/60000 (6%)]	Loss: 0.155482
Train Epoch: 1 [4480/60000 (7%)]	Loss: 0.597624
Train Epoch: 1 [5120/60000 (9%)]	Loss: 0.223763
Train Epoch: 1 [5760/60000 (10%)]	Loss: 0.125266
Train Epoch: 1 [6400/60000 (11%)]	Loss: 0.242864
Train Epoch: 1 [7040/60000 (12%)]	Loss: 0.325669
Train Epoch: 1 [7680/60000 (13%)]	Loss: 0.395394
Train Epoch: 1 [8320/60000 (14%)]	Loss: 0.172886
Train Epoch: 1 [8960/60000 (15%)]	Loss: 0.234273
Train Epoch: 1 [9600/60000 (16%)]	Loss: 0.078440
Train Epoch: 1 [10240/60000 (17%)]	Loss: 0.219328
Train Epoch: 1 [10880/60000 (18%)]	Loss: 0.285550
Train Epoch: 1 [11520/60000 (19%)]	Loss: 0.185521
Train Epoch: 1 [12160/60000 (20%)]	Loss: 0.147899
Train Epoch: 1 [12800/60000 (21%)]	Loss: 0.226516
Train Epoch: 1 [13440/60000 (22%)]	Loss: 0.105300
Train Epoch: 1 [14080/60000 (23%)]	Loss: 0.146128
Train Epoch: 1 [14720/60000 (25%)]	Loss: 0.142251
Train Epoch: 1 [15360/60000 (26%)]	Loss: 0.422429
Train Epoch: 1 [16000/60000 (27%)]	Loss: 0.430980
Train Epoch: 1 [16640/60000 (28%)]	Loss: 0.172367
Train Epoch: 1 [17280/60000 (29%)]	Loss: 0.138184
Train Epoch: 1 [17920/60000 (30%)]	Loss: 0.259182
Train Epoch: 1 [18560/60000 (31%)]	Loss: 0.221653
Train Epoch: 1 [19200/60000 (32%)]	Loss: 0.197418
Train Epoch: 1 [19840/60000 (33%)]	Loss: 0.156550
Train Epoch: 1 [20480/60000 (34%)]	Loss: 0.151615
Train Epoch: 1 [21120/60000 (35%)]	Loss: 0.093393
Train Epoch: 1 [21760/60000 (36%)]	Loss: 0.322961
Train Epoch: 1 [22400/60000 (37%)]	Loss: 0.100163
Train Epoch: 1 [23040/60000 (38%)]	Loss: 0.155382
Train Epoch: 1 [23680/60000 (39%)]	Loss: 0.203915
Train Epoch: 1 [24320/60000 (41%)]	Loss: 0.033952
Train Epoch: 1 [24960/60000 (42%)]	Loss: 0.111794
Train Epoch: 1 [25600/60000 (43%)]	Loss: 0.082262
Train Epoch: 1 [26240/60000 (44%)]	Loss: 0.130214
Train Epoch: 1 [26880/60000 (45%)]	Loss: 0.188501
Train Epoch: 1 [27520/60000 (46%)]	Loss: 0.030746
Train Epoch: 1 [28160/60000 (47%)]	Loss: 0.057141
Train Epoch: 1 [28800/60000 (48%)]	Loss: 0.012084
Train Epoch: 1 [29440/60000 (49%)]	Loss: 0.040259
Train Epoch: 1 [30080/60000 (50%)]	Loss: 0.300197
Train Epoch: 1 [30720/60000 (51%)]	Loss: 0.184408
Train Epoch: 1 [31360/60000 (52%)]	Loss: 0.242211
Train Epoch: 1 [32000/60000 (53%)]	Loss: 0.175247
Train Epoch: 1 [32640/60000 (54%)]	Loss: 0.120899
Train Epoch: 1 [33280/60000 (55%)]	Loss: 0.156459
Train Epoch: 1 [33920/60000 (57%)]	Loss: 0.121083
Train Epoch: 1 [34560/60000 (58%)]	Loss: 0.077602
Train Epoch: 1 [35200/60000 (59%)]	Loss: 0.084571
Train Epoch: 1 [35840/60000 (60%)]	Loss: 0.120797
Train Epoch: 1 [36480/60000 (61%)]	Loss: 0.156981
Train Epoch: 1 [37120/60000 (62%)]	Loss: 0.067583
Train Epoch: 1 [37760/60000 (63%)]	Loss: 0.050652
Train Epoch: 1 [38400/60000 (64%)]	Loss: 0.048534
Train Epoch: 1 [39040/60000 (65%)]	Loss: 0.089256
Train Epoch: 1 [39680/60000 (66%)]	Loss: 0.386081
Train Epoch: 1 [40320/60000 (67%)]	Loss: 0.138268
Train Epoch: 1 [40960/60000 (68%)]	Loss: 0.133817
Train Epoch: 1 [41600/60000 (69%)]	Loss: 0.166228
Train Epoch: 1 [42240/60000 (70%)]	Loss: 0.199380
Train Epoch: 1 [42880/60000 (71%)]	Loss: 0.032583
Train Epoch: 1 [43520/60000 (72%)]	Loss: 0.069497
Train Epoch: 1 [44160/60000 (74%)]	Loss: 0.116481
Train Epoch: 1 [44800/60000 (75%)]	Loss: 0.060343
Train Epoch: 1 [45440/60000 (76%)]	Loss: 0.332019
Train Epoch: 1 [46080/60000 (77%)]	Loss: 0.024001
Train Epoch: 1 [46720/60000 (78%)]	Loss: 0.047502
Train Epoch: 1 [47360/60000 (79%)]	Loss: 0.122453
Train Epoch: 1 [48000/60000 (80%)]	Loss: 0.100412
Train Epoch: 1 [48640/60000 (81%)]	Loss: 0.358504
Train Epoch: 1 [49280/60000 (82%)]	Loss: 0.122617
Train Epoch: 1 [49920/60000 (83%)]	Loss: 0.074775
Train Epoch: 1 [50560/60000 (84%)]	Loss: 0.047783
Train Epoch: 1 [51200/60000 (85%)]	Loss: 0.120351
Train Epoch: 1 [51840/60000 (86%)]	Loss: 0.191943
Train Epoch: 1 [52480/60000 (87%)]	Loss: 0.143689
Train Epoch: 1 [53120/60000 (88%)]	Loss: 0.032617
Train Epoch: 1 [53760/60000 (90%)]	Loss: 0.011408
Train Epoch: 1 [54400/60000 (91%)]	Loss: 0.091386
Train Epoch: 1 [55040/60000 (92%)]	Loss: 0.230901
Train Epoch: 1 [55680/60000 (93%)]	Loss: 0.078261
Train Epoch: 1 [56320/60000 (94%)]	Loss: 0.098036
Train Epoch: 1 [56960/60000 (95%)]	Loss: 0.081468
Train Epoch: 1 [57600/60000 (96%)]	Loss: 0.072338
Train Epoch: 1 [58240/60000 (97%)]	Loss: 0.080661
Train Epoch: 1 [58880/60000 (98%)]	Loss: 0.055659
Train Epoch: 1 [59520/60000 (99%)]	Loss: 0.020422

Test set: Average loss: 0.0474, Accuracy: 9842/10000 (98%)

Train Epoch: 2 [0/60000 (0%)]	Loss: 0.056854
Train Epoch: 2 [640/60000 (1%)]	Loss: 0.037531
Train Epoch: 2 [1280/60000 (2%)]	Loss: 0.018927
Train Epoch: 2 [1920/60000 (3%)]	Loss: 0.139730
Train Epoch: 2 [2560/60000 (4%)]	Loss: 0.028052
Train Epoch: 2 [3200/60000 (5%)]	Loss: 0.056472
Train Epoch: 2 [3840/60000 (6%)]	Loss: 0.063930
Train Epoch: 2 [4480/60000 (7%)]	Loss: 0.194641
Train Epoch: 2 [5120/60000 (9%)]	Loss: 0.167937
Train Epoch: 2 [5760/60000 (10%)]	Loss: 0.065314
Train Epoch: 2 [6400/60000 (11%)]	Loss: 0.059465
Train Epoch: 2 [7040/60000 (12%)]	Loss: 0.025502
Train Epoch: 2 [7680/60000 (13%)]	Loss: 0.065684
Train Epoch: 2 [8320/60000 (14%)]	Loss: 0.037907
Train Epoch: 2 [8960/60000 (15%)]	Loss: 0.023620
Train Epoch: 2 [9600/60000 (16%)]	Loss: 0.100826
Train Epoch: 2 [10240/60000 (17%)]	Loss: 0.122708
Train Epoch: 2 [10880/60000 (18%)]	Loss: 0.039268
Train Epoch: 2 [11520/60000 (19%)]	Loss: 0.136367
Train Epoch: 2 [12160/60000 (20%)]	Loss: 0.038898
Train Epoch: 2 [12800/60000 (21%)]	Loss: 0.055799
Train Epoch: 2 [13440/60000 (22%)]	Loss: 0.023629
Train Epoch: 2 [14080/60000 (23%)]	Loss: 0.253229
Train Epoch: 2 [14720/60000 (25%)]	Loss: 0.012311
Train Epoch: 2 [15360/60000 (26%)]	Loss: 0.192572
Train Epoch: 2 [16000/60000 (27%)]	Loss: 0.015865
Train Epoch: 2 [16640/60000 (28%)]	Loss: 0.131435
Train Epoch: 2 [17280/60000 (29%)]	Loss: 0.044428
Train Epoch: 2 [17920/60000 (30%)]	Loss: 0.032789
Train Epoch: 2 [18560/60000 (31%)]	Loss: 0.103906
Train Epoch: 2 [19200/60000 (32%)]	Loss: 0.019339
Train Epoch: 2 [19840/60000 (33%)]	Loss: 0.083667
Train Epoch: 2 [20480/60000 (34%)]	Loss: 0.077863
Train Epoch: 2 [21120/60000 (35%)]	Loss: 0.079579
Train Epoch: 2 [21760/60000 (36%)]	Loss: 0.012128
Train Epoch: 2 [22400/60000 (37%)]	Loss: 0.041453
Train Epoch: 2 [23040/60000 (38%)]	Loss: 0.109013
Train Epoch: 2 [23680/60000 (39%)]	Loss: 0.109556
Train Epoch: 2 [24320/60000 (41%)]	Loss: 0.006505
Train Epoch: 2 [24960/60000 (42%)]	Loss: 0.164821
Train Epoch: 2 [25600/60000 (43%)]	Loss: 0.101552
Train Epoch: 2 [26240/60000 (44%)]	Loss: 0.071295
Train Epoch: 2 [26880/60000 (45%)]	Loss: 0.042891
Train Epoch: 2 [27520/60000 (46%)]	Loss: 0.099206
Train Epoch: 2 [28160/60000 (47%)]	Loss: 0.045649
Train Epoch: 2 [28800/60000 (48%)]	Loss: 0.228570
Train Epoch: 2 [29440/60000 (49%)]	Loss: 0.122024
Train Epoch: 2 [30080/60000 (50%)]	Loss: 0.137754
Train Epoch: 2 [30720/60000 (51%)]	Loss: 0.033411
Train Epoch: 2 [31360/60000 (52%)]	Loss: 0.012842
Train Epoch: 2 [32000/60000 (53%)]	Loss: 0.018088
Train Epoch: 2 [32640/60000 (54%)]	Loss: 0.032891
Train Epoch: 2 [33280/60000 (55%)]	Loss: 0.035496
Train Epoch: 2 [33920/60000 (57%)]	Loss: 0.067211
Train Epoch: 2 [34560/60000 (58%)]	Loss: 0.085551
Train Epoch: 2 [35200/60000 (59%)]	Loss: 0.034855
Train Epoch: 2 [35840/60000 (60%)]	Loss: 0.014308
Train Epoch: 2 [36480/60000 (61%)]	Loss: 0.046557
Train Epoch: 2 [37120/60000 (62%)]	Loss: 0.074872
Train Epoch: 2 [37760/60000 (63%)]	Loss: 0.061440
Train Epoch: 2 [38400/60000 (64%)]	Loss: 0.047992
Train Epoch: 2 [39040/60000 (65%)]	Loss: 0.086555
Train Epoch: 2 [39680/60000 (66%)]	Loss: 0.026208
Train Epoch: 2 [40320/60000 (67%)]	Loss: 0.070882
Train Epoch: 2 [40960/60000 (68%)]	Loss: 0.025403
Train Epoch: 2 [41600/60000 (69%)]	Loss: 0.045176
Train Epoch: 2 [42240/60000 (70%)]	Loss: 0.052723
Train Epoch: 2 [42880/60000 (71%)]	Loss: 0.024738
Train Epoch: 2 [43520/60000 (72%)]	Loss: 0.014092
Train Epoch: 2 [44160/60000 (74%)]	Loss: 0.017893
Train Epoch: 2 [44800/60000 (75%)]	Loss: 0.034356
Train Epoch: 2 [45440/60000 (76%)]	Loss: 0.031324
Train Epoch: 2 [46080/60000 (77%)]	Loss: 0.018090
Train Epoch: 2 [46720/60000 (78%)]	Loss: 0.058855
Train Epoch: 2 [47360/60000 (79%)]	Loss: 0.124864
Train Epoch: 2 [48000/60000 (80%)]	Loss: 0.142457
Train Epoch: 2 [48640/60000 (81%)]	Loss: 0.153360
Train Epoch: 2 [49280/60000 (82%)]	Loss: 0.118278
Train Epoch: 2 [49920/60000 (83%)]	Loss: 0.020429
Train Epoch: 2 [50560/60000 (84%)]	Loss: 0.029003
Train Epoch: 2 [51200/60000 (85%)]	Loss: 0.055889
Train Epoch: 2 [51840/60000 (86%)]	Loss: 0.054021
Train Epoch: 2 [52480/60000 (87%)]	Loss: 0.083782
Train Epoch: 2 [53120/60000 (88%)]	Loss: 0.216290
Train Epoch: 2 [53760/60000 (90%)]	Loss: 0.100703
Train Epoch: 2 [54400/60000 (91%)]	Loss: 0.050844
Train Epoch: 2 [55040/60000 (92%)]	Loss: 0.023884
Train Epoch: 2 [55680/60000 (93%)]	Loss: 0.096100
Train Epoch: 2 [56320/60000 (94%)]	Loss: 0.004875
Train Epoch: 2 [56960/60000 (95%)]	Loss: 0.148757
Train Epoch: 2 [57600/60000 (96%)]	Loss: 0.041075
Train Epoch: 2 [58240/60000 (97%)]	Loss: 0.054382
Train Epoch: 2 [58880/60000 (98%)]	Loss: 0.122069
Train Epoch: 2 [59520/60000 (99%)]	Loss: 0.120427

Test set: Average loss: 0.0325, Accuracy: 9885/10000 (99%)

Train Epoch: 3 [0/60000 (0%)]	Loss: 0.046853
Train Epoch: 3 [640/60000 (1%)]	Loss: 0.040507
Train Epoch: 3 [1280/60000 (2%)]	Loss: 0.018066
Train Epoch: 3 [1920/60000 (3%)]	Loss: 0.068007
Train Epoch: 3 [2560/60000 (4%)]	Loss: 0.008183
Train Epoch: 3 [3200/60000 (5%)]	Loss: 0.018137
Train Epoch: 3 [3840/60000 (6%)]	Loss: 0.002631
Train Epoch: 3 [4480/60000 (7%)]	Loss: 0.103017
Train Epoch: 3 [5120/60000 (9%)]	Loss: 0.012059
Train Epoch: 3 [5760/60000 (10%)]	Loss: 0.023376
Train Epoch: 3 [6400/60000 (11%)]	Loss: 0.010478
Train Epoch: 3 [7040/60000 (12%)]	Loss: 0.016047
Train Epoch: 3 [7680/60000 (13%)]	Loss: 0.064581
Train Epoch: 3 [8320/60000 (14%)]	Loss: 0.131525
Train Epoch: 3 [8960/60000 (15%)]	Loss: 0.015439
Train Epoch: 3 [9600/60000 (16%)]	Loss: 0.043100
Train Epoch: 3 [10240/60000 (17%)]	Loss: 0.043847
Train Epoch: 3 [10880/60000 (18%)]	Loss: 0.096984
Train Epoch: 3 [11520/60000 (19%)]	Loss: 0.079182
Train Epoch: 3 [12160/60000 (20%)]	Loss: 0.027907
Train Epoch: 3 [12800/60000 (21%)]	Loss: 0.009016
Train Epoch: 3 [13440/60000 (22%)]	Loss: 0.004990
Train Epoch: 3 [14080/60000 (23%)]	Loss: 0.025649
Train Epoch: 3 [14720/60000 (25%)]	Loss: 0.013087
Train Epoch: 3 [15360/60000 (26%)]	Loss: 0.006322
Train Epoch: 3 [16000/60000 (27%)]	Loss: 0.413009
Train Epoch: 3 [16640/60000 (28%)]	Loss: 0.025260
Train Epoch: 3 [17280/60000 (29%)]	Loss: 0.028148
Train Epoch: 3 [17920/60000 (30%)]	Loss: 0.119734
Train Epoch: 3 [18560/60000 (31%)]	Loss: 0.023496
Train Epoch: 3 [19200/60000 (32%)]	Loss: 0.061198
Train Epoch: 3 [19840/60000 (33%)]	Loss: 0.159696
Train Epoch: 3 [20480/60000 (34%)]	Loss: 0.007085
Train Epoch: 3 [21120/60000 (35%)]	Loss: 0.011761
Train Epoch: 3 [21760/60000 (36%)]	Loss: 0.056720
Train Epoch: 3 [22400/60000 (37%)]	Loss: 0.188018
Train Epoch: 3 [23040/60000 (38%)]	Loss: 0.249278
Train Epoch: 3 [23680/60000 (39%)]	Loss: 0.078272
Train Epoch: 3 [24320/60000 (41%)]	Loss: 0.021991
Train Epoch: 3 [24960/60000 (42%)]	Loss: 0.134578
Train Epoch: 3 [25600/60000 (43%)]	Loss: 0.016575
Train Epoch: 3 [26240/60000 (44%)]	Loss: 0.016199
Train Epoch: 3 [26880/60000 (45%)]	Loss: 0.021232
Train Epoch: 3 [27520/60000 (46%)]	Loss: 0.046839
Train Epoch: 3 [28160/60000 (47%)]	Loss: 0.033280
Train Epoch: 3 [28800/60000 (48%)]	Loss: 0.226815
Train Epoch: 3 [29440/60000 (49%)]	Loss: 0.018135
Train Epoch: 3 [30080/60000 (50%)]	Loss: 0.196521
Train Epoch: 3 [30720/60000 (51%)]	Loss: 0.063215
Train Epoch: 3 [31360/60000 (52%)]	Loss: 0.058645
Train Epoch: 3 [32000/60000 (53%)]	Loss: 0.091496
Train Epoch: 3 [32640/60000 (54%)]	Loss: 0.014948
Train Epoch: 3 [33280/60000 (55%)]	Loss: 0.039283
Train Epoch: 3 [33920/60000 (57%)]	Loss: 0.032552
Train Epoch: 3 [34560/60000 (58%)]	Loss: 0.028700
Train Epoch: 3 [35200/60000 (59%)]	Loss: 0.059975
Train Epoch: 3 [35840/60000 (60%)]	Loss: 0.269679
Train Epoch: 3 [36480/60000 (61%)]	Loss: 0.015049
Train Epoch: 3 [37120/60000 (62%)]	Loss: 0.209429
Train Epoch: 3 [37760/60000 (63%)]	Loss: 0.204902
Train Epoch: 3 [38400/60000 (64%)]	Loss: 0.046008
Train Epoch: 3 [39040/60000 (65%)]	Loss: 0.087514
Train Epoch: 3 [39680/60000 (66%)]	Loss: 0.079992
Train Epoch: 3 [40320/60000 (67%)]	Loss: 0.062147
Train Epoch: 3 [40960/60000 (68%)]	Loss: 0.050315
Train Epoch: 3 [41600/60000 (69%)]	Loss: 0.142206
Train Epoch: 3 [42240/60000 (70%)]	Loss: 0.086614
Train Epoch: 3 [42880/60000 (71%)]	Loss: 0.080386
Train Epoch: 3 [43520/60000 (72%)]	Loss: 0.004007
Train Epoch: 3 [44160/60000 (74%)]	Loss: 0.088957
Train Epoch: 3 [44800/60000 (75%)]	Loss: 0.009824
Train Epoch: 3 [45440/60000 (76%)]	Loss: 0.035176
Train Epoch: 3 [46080/60000 (77%)]	Loss: 0.043510
Train Epoch: 3 [46720/60000 (78%)]	Loss: 0.069146
Train Epoch: 3 [47360/60000 (79%)]	Loss: 0.034917
Train Epoch: 3 [48000/60000 (80%)]	Loss: 0.018335
Train Epoch: 3 [48640/60000 (81%)]	Loss: 0.132847
Train Epoch: 3 [49280/60000 (82%)]	Loss: 0.013341
Train Epoch: 3 [49920/60000 (83%)]	Loss: 0.064351
Train Epoch: 3 [50560/60000 (84%)]	Loss: 0.031550
Train Epoch: 3 [51200/60000 (85%)]	Loss: 0.149434
Train Epoch: 3 [51840/60000 (86%)]	Loss: 0.010154
Train Epoch: 3 [52480/60000 (87%)]	Loss: 0.019824
Train Epoch: 3 [53120/60000 (88%)]	Loss: 0.204945
Train Epoch: 3 [53760/60000 (90%)]	Loss: 0.126564
Train Epoch: 3 [54400/60000 (91%)]	Loss: 0.034159
Train Epoch: 3 [55040/60000 (92%)]	Loss: 0.050079
Train Epoch: 3 [55680/60000 (93%)]	Loss: 0.040508
Train Epoch: 3 [56320/60000 (94%)]	Loss: 0.231380
Train Epoch: 3 [56960/60000 (95%)]	Loss: 0.009543
Train Epoch: 3 [57600/60000 (96%)]	Loss: 0.007357
Train Epoch: 3 [58240/60000 (97%)]	Loss: 0.142066
Train Epoch: 3 [58880/60000 (98%)]	Loss: 0.041408
Train Epoch: 3 [59520/60000 (99%)]	Loss: 0.024171

Test set: Average loss: 0.0333, Accuracy: 9898/10000 (99%)

Wrote profile results to mnist_classify.py.lprof
Inspect results with:
python -m line_profiler -rmt "mnist_classify.py.lprof"
